2022-11-09 13:45:29,638 INFO org.springframework.cloud.sleuth.autoconfig.zipkin2.ZipkinAutoConfiguration$1 [Thread-6] Flushing remaining spans on shutdown
2022-11-09 13:45:29,639 DEBUG org.springframework.boot.availability.ApplicationAvailabilityBean [SpringApplicationShutdownHook] Application availability state ReadinessState changed from ACCEPTING_TRAFFIC to REFUSING_TRAFFIC
2022-11-09 13:45:29,641 DEBUG org.springframework.context.support.AbstractApplicationContext [SpringApplicationShutdownHook] Closing org.springframework.boot.web.servlet.context.AnnotationConfigServletWebServerApplicationContext@57095459, started on Wed Nov 09 13:45:14 GMT 2022
2022-11-09 13:45:29,642 INFO org.springframework.cloud.netflix.eureka.serviceregistry.EurekaServiceRegistry [SpringApplicationShutdownHook] Unregistering application DASHBOARD-SERVICE with eureka with status DOWN
2022-11-09 13:45:29,644 INFO com.netflix.discovery.DiscoveryClient$3 [SpringApplicationShutdownHook] Saw local status change event StatusChangeEvent [timestamp=1668001529644, current=DOWN, previous=UP]
2022-11-09 13:45:29,644 DEBUG com.netflix.discovery.InstanceInfoReplicator$1 [DiscoveryClient-InstanceInfoReplicator-0] Executing on-demand update of local InstanceInfo
2022-11-09 13:45:29,644 DEBUG com.netflix.discovery.InstanceInfoReplicator$1 [DiscoveryClient-InstanceInfoReplicator-0] Canceling the latest scheduled update, it will be rescheduled at the end of on demand update
2022-11-09 13:45:29,644 INFO com.netflix.discovery.DiscoveryClient [DiscoveryClient-InstanceInfoReplicator-0] DiscoveryClient_DASHBOARD-SERVICE/LAPTOP-17K2CE04:dashboard-service:9100: registering service...
2022-11-09 13:45:29,645 WARN com.netflix.discovery.DiscoveryClient [DiscoveryClient-InstanceInfoReplicator-0] DiscoveryClient_DASHBOARD-SERVICE/LAPTOP-17K2CE04:dashboard-service:9100 - registration failed There is no known eureka server; cluster server list is empty
com.netflix.discovery.shared.transport.TransportException: There is no known eureka server; cluster server list is empty
	at com.netflix.discovery.shared.transport.decorator.RetryableEurekaHttpClient.execute(RetryableEurekaHttpClient.java:108)
	at com.netflix.discovery.shared.transport.decorator.EurekaHttpClientDecorator.register(EurekaHttpClientDecorator.java:56)
	at com.netflix.discovery.shared.transport.decorator.EurekaHttpClientDecorator$1.execute(EurekaHttpClientDecorator.java:59)
	at com.netflix.discovery.shared.transport.decorator.SessionedEurekaHttpClient.execute(SessionedEurekaHttpClient.java:77)
	at com.netflix.discovery.shared.transport.decorator.EurekaHttpClientDecorator.register(EurekaHttpClientDecorator.java:56)
	at com.netflix.discovery.DiscoveryClient.register(DiscoveryClient.java:876)
	at com.netflix.discovery.InstanceInfoReplicator.run(InstanceInfoReplicator.java:121)
	at com.netflix.discovery.InstanceInfoReplicator$1.run(InstanceInfoReplicator.java:101)
	at java.base/java.util.concurrent.Executors$RunnableAdapter.call(Executors.java:539)
	at java.base/java.util.concurrent.FutureTask.run(FutureTask.java:264)
	at java.base/java.util.concurrent.ScheduledThreadPoolExecutor$ScheduledFutureTask.run(ScheduledThreadPoolExecutor.java:304)
	at java.base/java.util.concurrent.ThreadPoolExecutor.runWorker(ThreadPoolExecutor.java:1136)
	at java.base/java.util.concurrent.ThreadPoolExecutor$Worker.run(ThreadPoolExecutor.java:635)
	at java.base/java.lang.Thread.run(Thread.java:833)
2022-11-09 13:45:29,645 WARN com.netflix.discovery.InstanceInfoReplicator [DiscoveryClient-InstanceInfoReplicator-0] There was a problem with the instance info replicator
com.netflix.discovery.shared.transport.TransportException: There is no known eureka server; cluster server list is empty
	at com.netflix.discovery.shared.transport.decorator.RetryableEurekaHttpClient.execute(RetryableEurekaHttpClient.java:108)
	at com.netflix.discovery.shared.transport.decorator.EurekaHttpClientDecorator.register(EurekaHttpClientDecorator.java:56)
	at com.netflix.discovery.shared.transport.decorator.EurekaHttpClientDecorator$1.execute(EurekaHttpClientDecorator.java:59)
	at com.netflix.discovery.shared.transport.decorator.SessionedEurekaHttpClient.execute(SessionedEurekaHttpClient.java:77)
	at com.netflix.discovery.shared.transport.decorator.EurekaHttpClientDecorator.register(EurekaHttpClientDecorator.java:56)
	at com.netflix.discovery.DiscoveryClient.register(DiscoveryClient.java:876)
	at com.netflix.discovery.InstanceInfoReplicator.run(InstanceInfoReplicator.java:121)
	at com.netflix.discovery.InstanceInfoReplicator$1.run(InstanceInfoReplicator.java:101)
	at java.base/java.util.concurrent.Executors$RunnableAdapter.call(Executors.java:539)
	at java.base/java.util.concurrent.FutureTask.run(FutureTask.java:264)
	at java.base/java.util.concurrent.ScheduledThreadPoolExecutor$ScheduledFutureTask.run(ScheduledThreadPoolExecutor.java:304)
	at java.base/java.util.concurrent.ThreadPoolExecutor.runWorker(ThreadPoolExecutor.java:1136)
	at java.base/java.util.concurrent.ThreadPoolExecutor$Worker.run(ThreadPoolExecutor.java:635)
	at java.base/java.lang.Thread.run(Thread.java:833)
2022-11-09 13:45:29,646 DEBUG org.springframework.context.support.DefaultLifecycleProcessor$LifecycleGroup [SpringApplicationShutdownHook] Stopping beans in phase 2147483647
2022-11-09 13:45:29,649 DEBUG org.springframework.amqp.rabbit.listener.BlockingQueueConsumer$InternalConsumer [pool-3-thread-7] Received cancelOk for tag amq.ctag-NK-Gg94nv8XtW3bMdFcUww (app-user-pub); Consumer@499b1e4d: tags=[[amq.ctag-NK-Gg94nv8XtW3bMdFcUww]], channel=Cached Rabbit Channel: AMQChannel(amqp://guest@127.0.0.1:5672/,1), conn: Proxy@3010c593 Shared Rabbit Connection: SimpleConnection@61392d3e [delegate=amqp://guest@127.0.0.1:5672/, localPort= 61189], acknowledgeMode=AUTO local queue size=0
2022-11-09 13:45:29,650 INFO org.springframework.amqp.rabbit.listener.SimpleMessageListenerContainer [org.springframework.amqp.rabbit.RabbitListenerEndpointContainer#0-2] Waiting for workers to finish.
2022-11-09 13:45:29,650 DEBUG org.springframework.amqp.rabbit.listener.BlockingQueueConsumer$InternalConsumer [pool-3-thread-8] Received cancelOk for tag amq.ctag-_PvcSgdfBuIqeqYjPrAQPw (comment-pub); Consumer@299e6069: tags=[[amq.ctag-_PvcSgdfBuIqeqYjPrAQPw]], channel=Cached Rabbit Channel: AMQChannel(amqp://guest@127.0.0.1:5672/,2), conn: Proxy@3010c593 Shared Rabbit Connection: SimpleConnection@61392d3e [delegate=amqp://guest@127.0.0.1:5672/, localPort= 61189], acknowledgeMode=AUTO local queue size=0
2022-11-09 13:45:29,650 INFO org.springframework.amqp.rabbit.listener.SimpleMessageListenerContainer [org.springframework.amqp.rabbit.RabbitListenerEndpointContainer#1-2] Waiting for workers to finish.
2022-11-09 13:45:29,651 DEBUG org.springframework.amqp.rabbit.listener.BlockingQueueConsumer$InternalConsumer [pool-3-thread-9] Received cancelOk for tag amq.ctag-dPCTfpI7bqWRML19k5pxkQ (product-pub); Consumer@6ad43075: tags=[[amq.ctag-dPCTfpI7bqWRML19k5pxkQ]], channel=Cached Rabbit Channel: AMQChannel(amqp://guest@127.0.0.1:5672/,3), conn: Proxy@3010c593 Shared Rabbit Connection: SimpleConnection@61392d3e [delegate=amqp://guest@127.0.0.1:5672/, localPort= 61189], acknowledgeMode=AUTO local queue size=0
2022-11-09 13:45:29,651 INFO org.springframework.amqp.rabbit.listener.SimpleMessageListenerContainer [org.springframework.amqp.rabbit.RabbitListenerEndpointContainer#2-2] Waiting for workers to finish.
2022-11-09 13:45:29,652 DEBUG org.springframework.amqp.rabbit.listener.BlockingQueueConsumer$InternalConsumer [pool-3-thread-10] Received cancelOk for tag amq.ctag-B3pVzDIjO2WTZVfzWyMOUw (rating-pub); Consumer@6fb780a5: tags=[[amq.ctag-B3pVzDIjO2WTZVfzWyMOUw]], channel=Cached Rabbit Channel: AMQChannel(amqp://guest@127.0.0.1:5672/,4), conn: Proxy@3010c593 Shared Rabbit Connection: SimpleConnection@61392d3e [delegate=amqp://guest@127.0.0.1:5672/, localPort= 61189], acknowledgeMode=AUTO local queue size=0
2022-11-09 13:45:29,652 INFO org.springframework.amqp.rabbit.listener.SimpleMessageListenerContainer [org.springframework.amqp.rabbit.RabbitListenerEndpointContainer#3-2] Waiting for workers to finish.
2022-11-09 13:45:29,653 DEBUG org.springframework.context.support.DefaultLifecycleProcessor [SpringApplicationShutdownHook] Bean 'webServerGracefulShutdown' completed its stop procedure
2022-11-09 13:45:30,419 DEBUG org.springframework.amqp.rabbit.listener.SimpleMessageListenerContainer$AsyncMessageProcessingConsumer [org.springframework.amqp.rabbit.RabbitListenerEndpointContainer#0-1] Consumer raised exception, processing can restart if the connection factory supports it
org.springframework.amqp.rabbit.support.ConsumerCancelledException: null
	at org.springframework.amqp.rabbit.listener.BlockingQueueConsumer.nextMessage(BlockingQueueConsumer.java:537)
	at org.springframework.amqp.rabbit.listener.SimpleMessageListenerContainer.doReceiveAndExecute(SimpleMessageListenerContainer.java:953)
	at org.springframework.amqp.rabbit.listener.SimpleMessageListenerContainer.receiveAndExecute(SimpleMessageListenerContainer.java:939)
	at org.springframework.amqp.rabbit.listener.SimpleMessageListenerContainer.access$1600(SimpleMessageListenerContainer.java:84)
	at org.springframework.amqp.rabbit.listener.SimpleMessageListenerContainer$AsyncMessageProcessingConsumer.mainLoop(SimpleMessageListenerContainer.java:1316)
	at org.springframework.amqp.rabbit.listener.SimpleMessageListenerContainer$AsyncMessageProcessingConsumer.run(SimpleMessageListenerContainer.java:1222)
	at java.base/java.lang.Thread.run(Thread.java:833)
2022-11-09 13:45:30,420 DEBUG org.springframework.amqp.rabbit.listener.SimpleMessageListenerContainer$AsyncMessageProcessingConsumer [org.springframework.amqp.rabbit.RabbitListenerEndpointContainer#0-1] Cancelling Consumer@499b1e4d: tags=[[amq.ctag-NK-Gg94nv8XtW3bMdFcUww]], channel=Cached Rabbit Channel: AMQChannel(amqp://guest@127.0.0.1:5672/,1), conn: Proxy@3010c593 Shared Rabbit Connection: SimpleConnection@61392d3e [delegate=amqp://guest@127.0.0.1:5672/, localPort= 61189], acknowledgeMode=AUTO local queue size=0
2022-11-09 13:45:30,420 DEBUG org.springframework.amqp.rabbit.listener.BlockingQueueConsumer [org.springframework.amqp.rabbit.RabbitListenerEndpointContainer#0-1] Closing Rabbit Channel: Cached Rabbit Channel: AMQChannel(amqp://guest@127.0.0.1:5672/,1), conn: Proxy@3010c593 Shared Rabbit Connection: SimpleConnection@61392d3e [delegate=amqp://guest@127.0.0.1:5672/, localPort= 61189]
2022-11-09 13:45:30,420 DEBUG org.springframework.amqp.rabbit.connection.CachingConnectionFactory$CachedChannelInvocationHandler [org.springframework.amqp.rabbit.RabbitListenerEndpointContainer#0-1] Closing cached Channel: AMQChannel(amqp://guest@127.0.0.1:5672/,1)
2022-11-09 13:45:30,422 INFO org.springframework.amqp.rabbit.listener.SimpleMessageListenerContainer [org.springframework.amqp.rabbit.RabbitListenerEndpointContainer#0-2] Successfully waited for workers to finish.
2022-11-09 13:45:30,435 DEBUG org.springframework.amqp.rabbit.listener.SimpleMessageListenerContainer$AsyncMessageProcessingConsumer [org.springframework.amqp.rabbit.RabbitListenerEndpointContainer#1-1] Consumer raised exception, processing can restart if the connection factory supports it
org.springframework.amqp.rabbit.support.ConsumerCancelledException: null
	at org.springframework.amqp.rabbit.listener.BlockingQueueConsumer.nextMessage(BlockingQueueConsumer.java:537)
	at org.springframework.amqp.rabbit.listener.SimpleMessageListenerContainer.doReceiveAndExecute(SimpleMessageListenerContainer.java:953)
	at org.springframework.amqp.rabbit.listener.SimpleMessageListenerContainer.receiveAndExecute(SimpleMessageListenerContainer.java:939)
	at org.springframework.amqp.rabbit.listener.SimpleMessageListenerContainer.access$1600(SimpleMessageListenerContainer.java:84)
	at org.springframework.amqp.rabbit.listener.SimpleMessageListenerContainer$AsyncMessageProcessingConsumer.mainLoop(SimpleMessageListenerContainer.java:1316)
	at org.springframework.amqp.rabbit.listener.SimpleMessageListenerContainer$AsyncMessageProcessingConsumer.run(SimpleMessageListenerContainer.java:1222)
	at java.base/java.lang.Thread.run(Thread.java:833)
2022-11-09 13:45:30,435 DEBUG org.springframework.amqp.rabbit.listener.SimpleMessageListenerContainer$AsyncMessageProcessingConsumer [org.springframework.amqp.rabbit.RabbitListenerEndpointContainer#1-1] Cancelling Consumer@299e6069: tags=[[amq.ctag-_PvcSgdfBuIqeqYjPrAQPw]], channel=Cached Rabbit Channel: AMQChannel(amqp://guest@127.0.0.1:5672/,2), conn: Proxy@3010c593 Shared Rabbit Connection: SimpleConnection@61392d3e [delegate=amqp://guest@127.0.0.1:5672/, localPort= 61189], acknowledgeMode=AUTO local queue size=0
2022-11-09 13:45:30,435 DEBUG org.springframework.amqp.rabbit.listener.BlockingQueueConsumer [org.springframework.amqp.rabbit.RabbitListenerEndpointContainer#1-1] Closing Rabbit Channel: Cached Rabbit Channel: AMQChannel(amqp://guest@127.0.0.1:5672/,2), conn: Proxy@3010c593 Shared Rabbit Connection: SimpleConnection@61392d3e [delegate=amqp://guest@127.0.0.1:5672/, localPort= 61189]
2022-11-09 13:45:30,436 DEBUG org.springframework.amqp.rabbit.connection.CachingConnectionFactory$CachedChannelInvocationHandler [org.springframework.amqp.rabbit.RabbitListenerEndpointContainer#1-1] Closing cached Channel: AMQChannel(amqp://guest@127.0.0.1:5672/,2)
2022-11-09 13:45:30,440 INFO org.springframework.amqp.rabbit.listener.SimpleMessageListenerContainer [org.springframework.amqp.rabbit.RabbitListenerEndpointContainer#1-2] Successfully waited for workers to finish.
2022-11-09 13:45:30,466 DEBUG org.springframework.amqp.rabbit.listener.SimpleMessageListenerContainer$AsyncMessageProcessingConsumer [org.springframework.amqp.rabbit.RabbitListenerEndpointContainer#3-1] Consumer raised exception, processing can restart if the connection factory supports it
org.springframework.amqp.rabbit.support.ConsumerCancelledException: null
	at org.springframework.amqp.rabbit.listener.BlockingQueueConsumer.nextMessage(BlockingQueueConsumer.java:537)
	at org.springframework.amqp.rabbit.listener.SimpleMessageListenerContainer.doReceiveAndExecute(SimpleMessageListenerContainer.java:953)
	at org.springframework.amqp.rabbit.listener.SimpleMessageListenerContainer.receiveAndExecute(SimpleMessageListenerContainer.java:939)
	at org.springframework.amqp.rabbit.listener.SimpleMessageListenerContainer.access$1600(SimpleMessageListenerContainer.java:84)
	at org.springframework.amqp.rabbit.listener.SimpleMessageListenerContainer$AsyncMessageProcessingConsumer.mainLoop(SimpleMessageListenerContainer.java:1316)
	at org.springframework.amqp.rabbit.listener.SimpleMessageListenerContainer$AsyncMessageProcessingConsumer.run(SimpleMessageListenerContainer.java:1222)
	at java.base/java.lang.Thread.run(Thread.java:833)
2022-11-09 13:45:30,466 DEBUG org.springframework.amqp.rabbit.listener.SimpleMessageListenerContainer$AsyncMessageProcessingConsumer [org.springframework.amqp.rabbit.RabbitListenerEndpointContainer#2-1] Consumer raised exception, processing can restart if the connection factory supports it
org.springframework.amqp.rabbit.support.ConsumerCancelledException: null
	at org.springframework.amqp.rabbit.listener.BlockingQueueConsumer.nextMessage(BlockingQueueConsumer.java:537)
	at org.springframework.amqp.rabbit.listener.SimpleMessageListenerContainer.doReceiveAndExecute(SimpleMessageListenerContainer.java:953)
	at org.springframework.amqp.rabbit.listener.SimpleMessageListenerContainer.receiveAndExecute(SimpleMessageListenerContainer.java:939)
	at org.springframework.amqp.rabbit.listener.SimpleMessageListenerContainer.access$1600(SimpleMessageListenerContainer.java:84)
	at org.springframework.amqp.rabbit.listener.SimpleMessageListenerContainer$AsyncMessageProcessingConsumer.mainLoop(SimpleMessageListenerContainer.java:1316)
	at org.springframework.amqp.rabbit.listener.SimpleMessageListenerContainer$AsyncMessageProcessingConsumer.run(SimpleMessageListenerContainer.java:1222)
	at java.base/java.lang.Thread.run(Thread.java:833)
2022-11-09 13:45:30,466 DEBUG org.springframework.amqp.rabbit.listener.SimpleMessageListenerContainer$AsyncMessageProcessingConsumer [org.springframework.amqp.rabbit.RabbitListenerEndpointContainer#2-1] Cancelling Consumer@6ad43075: tags=[[amq.ctag-dPCTfpI7bqWRML19k5pxkQ]], channel=Cached Rabbit Channel: AMQChannel(amqp://guest@127.0.0.1:5672/,3), conn: Proxy@3010c593 Shared Rabbit Connection: SimpleConnection@61392d3e [delegate=amqp://guest@127.0.0.1:5672/, localPort= 61189], acknowledgeMode=AUTO local queue size=0
2022-11-09 13:45:30,466 DEBUG org.springframework.amqp.rabbit.listener.BlockingQueueConsumer [org.springframework.amqp.rabbit.RabbitListenerEndpointContainer#2-1] Closing Rabbit Channel: Cached Rabbit Channel: AMQChannel(amqp://guest@127.0.0.1:5672/,3), conn: Proxy@3010c593 Shared Rabbit Connection: SimpleConnection@61392d3e [delegate=amqp://guest@127.0.0.1:5672/, localPort= 61189]
2022-11-09 13:45:30,466 DEBUG org.springframework.amqp.rabbit.connection.CachingConnectionFactory$CachedChannelInvocationHandler [org.springframework.amqp.rabbit.RabbitListenerEndpointContainer#2-1] Closing cached Channel: AMQChannel(amqp://guest@127.0.0.1:5672/,3)
2022-11-09 13:45:30,467 DEBUG org.springframework.amqp.rabbit.listener.SimpleMessageListenerContainer$AsyncMessageProcessingConsumer [org.springframework.amqp.rabbit.RabbitListenerEndpointContainer#3-1] Cancelling Consumer@6fb780a5: tags=[[amq.ctag-B3pVzDIjO2WTZVfzWyMOUw]], channel=Cached Rabbit Channel: AMQChannel(amqp://guest@127.0.0.1:5672/,4), conn: Proxy@3010c593 Shared Rabbit Connection: SimpleConnection@61392d3e [delegate=amqp://guest@127.0.0.1:5672/, localPort= 61189], acknowledgeMode=AUTO local queue size=0
2022-11-09 13:45:30,467 DEBUG org.springframework.amqp.rabbit.listener.BlockingQueueConsumer [org.springframework.amqp.rabbit.RabbitListenerEndpointContainer#3-1] Closing Rabbit Channel: Cached Rabbit Channel: AMQChannel(amqp://guest@127.0.0.1:5672/,4), conn: Proxy@3010c593 Shared Rabbit Connection: SimpleConnection@61392d3e [delegate=amqp://guest@127.0.0.1:5672/, localPort= 61189]
2022-11-09 13:45:30,467 DEBUG org.springframework.amqp.rabbit.connection.CachingConnectionFactory$CachedChannelInvocationHandler [org.springframework.amqp.rabbit.RabbitListenerEndpointContainer#3-1] Closing cached Channel: AMQChannel(amqp://guest@127.0.0.1:5672/,4)
2022-11-09 13:45:30,467 INFO org.springframework.amqp.rabbit.listener.SimpleMessageListenerContainer [org.springframework.amqp.rabbit.RabbitListenerEndpointContainer#2-2] Successfully waited for workers to finish.
2022-11-09 13:45:30,468 INFO org.springframework.amqp.rabbit.listener.SimpleMessageListenerContainer [org.springframework.amqp.rabbit.RabbitListenerEndpointContainer#3-2] Successfully waited for workers to finish.
2022-11-09 13:45:30,468 DEBUG org.springframework.context.support.DefaultLifecycleProcessor [org.springframework.amqp.rabbit.RabbitListenerEndpointContainer#3-2] Bean 'org.springframework.amqp.rabbit.config.internalRabbitListenerEndpointRegistry' completed its stop procedure
2022-11-09 13:45:30,468 DEBUG org.springframework.context.support.DefaultLifecycleProcessor$LifecycleGroup [SpringApplicationShutdownHook] Stopping beans in phase 2147483646
2022-11-09 13:45:30,482 DEBUG org.springframework.context.support.DefaultLifecycleProcessor [SpringApplicationShutdownHook] Bean 'webServerStartStop' completed its stop procedure
2022-11-09 13:45:30,482 DEBUG org.springframework.context.support.DefaultLifecycleProcessor$LifecycleGroup [SpringApplicationShutdownHook] Stopping beans in phase 0
2022-11-09 13:45:30,486 DEBUG org.springframework.amqp.rabbit.listener.AbstractMessageListenerContainer [SpringApplicationShutdownHook] Shutting down Rabbit listener container
2022-11-09 13:45:30,486 INFO org.springframework.amqp.rabbit.listener.SimpleMessageListenerContainer [SpringApplicationShutdownHook] Shutdown ignored - container is already stopped
2022-11-09 13:45:30,486 DEBUG org.springframework.amqp.rabbit.listener.AbstractMessageListenerContainer [SpringApplicationShutdownHook] Shutting down Rabbit listener container
2022-11-09 13:45:30,487 INFO org.springframework.amqp.rabbit.listener.SimpleMessageListenerContainer [SpringApplicationShutdownHook] Shutdown ignored - container is already stopped
2022-11-09 13:45:30,487 DEBUG org.springframework.amqp.rabbit.listener.AbstractMessageListenerContainer [SpringApplicationShutdownHook] Shutting down Rabbit listener container
2022-11-09 13:45:30,487 INFO org.springframework.amqp.rabbit.listener.SimpleMessageListenerContainer [SpringApplicationShutdownHook] Shutdown ignored - container is already stopped
2022-11-09 13:45:30,487 DEBUG org.springframework.amqp.rabbit.listener.AbstractMessageListenerContainer [SpringApplicationShutdownHook] Shutting down Rabbit listener container
2022-11-09 13:45:30,487 INFO org.springframework.amqp.rabbit.listener.SimpleMessageListenerContainer [SpringApplicationShutdownHook] Shutdown ignored - container is already stopped
2022-11-09 13:45:30,487 DEBUG org.springframework.scheduling.concurrent.ExecutorConfigurationSupport [SpringApplicationShutdownHook] Shutting down ExecutorService 'applicationTaskExecutor'
2022-11-09 13:45:30,488 INFO org.springframework.orm.jpa.AbstractEntityManagerFactoryBean [SpringApplicationShutdownHook] Closing JPA EntityManagerFactory for persistence unit 'default'
2022-11-09 13:45:30,488 DEBUG org.hibernate.internal.SessionFactoryImpl [SpringApplicationShutdownHook] HHH000031: Closing
2022-11-09 13:45:30,488 INFO org.hibernate.tool.schema.internal.SchemaDropperImpl$DelayedDropActionImpl [SpringApplicationShutdownHook] HHH000477: Starting delayed evictData of schema as part of SessionFactory shut-down'
2022-11-09 13:45:30,488 DEBUG org.hibernate.type.spi.TypeConfiguration$Scope [SpringApplicationShutdownHook] Un-scoping TypeConfiguration [org.hibernate.type.spi.TypeConfiguration$Scope@552d0264] from SessionFactory [org.hibernate.internal.SessionFactoryImpl@3f855683]
2022-11-09 13:45:30,489 DEBUG org.hibernate.service.internal.AbstractServiceRegistryImpl [SpringApplicationShutdownHook] Implicitly destroying ServiceRegistry on de-registration of all child ServiceRegistries
2022-11-09 13:45:30,489 DEBUG org.hibernate.boot.registry.internal.BootstrapServiceRegistryImpl [SpringApplicationShutdownHook] Implicitly destroying Boot-strap registry on de-registration of all child ServiceRegistries
2022-11-09 13:45:30,491 DEBUG com.zaxxer.hikari.pool.PoolBase [HikariPool-1 connection closer] HikariPool-1 - Closing connection conn0: url=jdbc:h2:mem:testdb user=USER: (connection is dead)
2022-11-09 13:45:30,491 DEBUG com.zaxxer.hikari.pool.PoolBase [HikariPool-1 connection closer] HikariPool-1 - Closing connection conn1: url=jdbc:h2:mem:testdb user=USER: (connection is dead)
2022-11-09 13:45:30,491 DEBUG com.zaxxer.hikari.pool.HikariPool [HikariPool-1 connection closer] HikariPool-1 - Fill pool skipped, pool is at sufficient level.
2022-11-09 13:45:30,491 DEBUG com.zaxxer.hikari.pool.PoolBase [HikariPool-1 connection closer] HikariPool-1 - Closing connection conn2: url=jdbc:h2:mem:testdb user=USER: (connection is dead)
2022-11-09 13:45:30,492 DEBUG com.zaxxer.hikari.pool.HikariPool [HikariPool-1 connection closer] HikariPool-1 - Fill pool skipped, pool is at sufficient level.
2022-11-09 13:45:30,492 DEBUG com.zaxxer.hikari.pool.PoolBase [HikariPool-1 connection closer] HikariPool-1 - Closing connection conn3: url=jdbc:h2:mem:testdb user=USER: (connection is dead)
2022-11-09 13:45:30,492 DEBUG com.zaxxer.hikari.pool.HikariPool [HikariPool-1 connection closer] HikariPool-1 - Fill pool skipped, pool is at sufficient level.
2022-11-09 13:45:30,492 DEBUG com.zaxxer.hikari.pool.PoolBase [HikariPool-1 connection closer] HikariPool-1 - Closing connection conn4: url=jdbc:h2:mem:testdb user=USER: (connection is dead)
2022-11-09 13:45:30,492 DEBUG com.zaxxer.hikari.pool.HikariPool [HikariPool-1 connection closer] HikariPool-1 - Fill pool skipped, pool is at sufficient level.
2022-11-09 13:45:30,492 DEBUG com.zaxxer.hikari.pool.PoolBase [HikariPool-1 connection closer] HikariPool-1 - Closing connection conn5: url=jdbc:h2:mem:testdb user=USER: (connection is dead)
2022-11-09 13:45:30,492 DEBUG com.zaxxer.hikari.pool.HikariPool [HikariPool-1 connection closer] HikariPool-1 - Fill pool skipped, pool is at sufficient level.
2022-11-09 13:45:30,492 DEBUG com.zaxxer.hikari.pool.PoolBase [HikariPool-1 connection closer] HikariPool-1 - Closing connection conn6: url=jdbc:h2:mem:testdb user=USER: (connection is dead)
2022-11-09 13:45:30,492 DEBUG com.zaxxer.hikari.pool.HikariPool [HikariPool-1 connection closer] HikariPool-1 - Fill pool skipped, pool is at sufficient level.
2022-11-09 13:45:30,492 DEBUG com.zaxxer.hikari.pool.PoolBase [HikariPool-1 connection closer] HikariPool-1 - Closing connection conn7: url=jdbc:h2:mem:testdb user=USER: (connection is dead)
2022-11-09 13:45:30,492 DEBUG com.zaxxer.hikari.pool.HikariPool [HikariPool-1 connection closer] HikariPool-1 - Fill pool skipped, pool is at sufficient level.
2022-11-09 13:45:30,492 DEBUG com.zaxxer.hikari.pool.PoolBase [HikariPool-1 connection closer] HikariPool-1 - Closing connection conn8: url=jdbc:h2:mem:testdb user=USER: (connection is dead)
2022-11-09 13:45:30,492 DEBUG com.zaxxer.hikari.pool.HikariPool [HikariPool-1 connection closer] HikariPool-1 - Fill pool skipped, pool is at sufficient level.
2022-11-09 13:45:30,492 DEBUG com.zaxxer.hikari.pool.PoolBase [HikariPool-1 connection closer] HikariPool-1 - Closing connection conn9: url=jdbc:h2:mem:testdb user=USER: (connection is dead)
2022-11-09 13:45:30,492 DEBUG com.zaxxer.hikari.pool.HikariPool [HikariPool-1 connection closer] HikariPool-1 - Fill pool skipped, pool is at sufficient level.
2022-11-09 13:45:30,493 DEBUG com.zaxxer.hikari.pool.HikariPool$PoolEntryCreator [HikariPool-1 connection adder] HikariPool-1 - Added connection conn10: url=jdbc:h2:mem:testdb user=USER
2022-11-09 13:45:30,494 DEBUG com.zaxxer.hikari.pool.HikariPool$PoolEntryCreator [HikariPool-1 connection adder] HikariPool-1 - Added connection conn11: url=jdbc:h2:mem:testdb user=USER
2022-11-09 13:45:30,494 DEBUG com.zaxxer.hikari.pool.HikariPool$PoolEntryCreator [HikariPool-1 connection adder] HikariPool-1 - Added connection conn12: url=jdbc:h2:mem:testdb user=USER
2022-11-09 13:45:30,494 DEBUG com.zaxxer.hikari.pool.HikariPool$PoolEntryCreator [HikariPool-1 connection adder] HikariPool-1 - Added connection conn13: url=jdbc:h2:mem:testdb user=USER
2022-11-09 13:45:30,495 DEBUG com.zaxxer.hikari.pool.HikariPool$PoolEntryCreator [HikariPool-1 connection adder] HikariPool-1 - Added connection conn14: url=jdbc:h2:mem:testdb user=USER
2022-11-09 13:45:30,495 DEBUG com.zaxxer.hikari.pool.HikariPool$PoolEntryCreator [HikariPool-1 connection adder] HikariPool-1 - Added connection conn15: url=jdbc:h2:mem:testdb user=USER
2022-11-09 13:45:30,495 DEBUG com.zaxxer.hikari.pool.HikariPool$PoolEntryCreator [HikariPool-1 connection adder] HikariPool-1 - Added connection conn16: url=jdbc:h2:mem:testdb user=USER
2022-11-09 13:45:30,495 DEBUG com.zaxxer.hikari.pool.HikariPool$PoolEntryCreator [HikariPool-1 connection adder] HikariPool-1 - Added connection conn17: url=jdbc:h2:mem:testdb user=USER
2022-11-09 13:45:30,495 DEBUG com.zaxxer.hikari.pool.HikariPool$PoolEntryCreator [HikariPool-1 connection adder] HikariPool-1 - Added connection conn18: url=jdbc:h2:mem:testdb user=USER
2022-11-09 13:45:30,496 DEBUG com.zaxxer.hikari.pool.HikariPool$PoolEntryCreator [HikariPool-1 connection adder] HikariPool-1 - Added connection conn19: url=jdbc:h2:mem:testdb user=USER
2022-11-09 13:45:30,715 WARN org.springframework.beans.factory.support.DisposableBeanAdapter [SpringApplicationShutdownHook] Invocation of destroy method failed on bean with name 'inMemoryDatabaseShutdownExecutor'
org.h2.jdbc.JdbcSQLNonTransientConnectionException: Database is already closed (to disable automatic closing at VM shutdown, add ";DB_CLOSE_ON_EXIT=FALSE" to the db URL) [90121-200]
	at org.h2.message.DbException.getJdbcSQLException(DbException.java:622)
	at org.h2.message.DbException.getJdbcSQLException(DbException.java:429)
	at org.h2.message.DbException.get(DbException.java:205)
	at org.h2.message.DbException.get(DbException.java:181)
	at org.h2.message.DbException.get(DbException.java:170)
	at org.h2.jdbc.JdbcConnection.checkClosed(JdbcConnection.java:1514)
	at org.h2.jdbc.JdbcConnection.checkClosed(JdbcConnection.java:1490)
	at org.h2.jdbc.JdbcConnection.clearWarnings(JdbcConnection.java:703)
	at com.zaxxer.hikari.pool.ProxyConnection.close(ProxyConnection.java:267)
	at org.springframework.boot.devtools.autoconfigure.DevToolsDataSourceAutoConfiguration$NonEmbeddedInMemoryDatabaseShutdownExecutor$InMemoryDatabase.lambda$new$1(DevToolsDataSourceAutoConfiguration.java:142)
	at org.springframework.boot.devtools.autoconfigure.DevToolsDataSourceAutoConfiguration$NonEmbeddedInMemoryDatabaseShutdownExecutor$InMemoryDatabase.shutdown(DevToolsDataSourceAutoConfiguration.java:159)
	at org.springframework.boot.devtools.autoconfigure.DevToolsDataSourceAutoConfiguration$NonEmbeddedInMemoryDatabaseShutdownExecutor.destroy(DevToolsDataSourceAutoConfiguration.java:105)
	at org.springframework.beans.factory.support.DisposableBeanAdapter.destroy(DisposableBeanAdapter.java:213)
	at org.springframework.beans.factory.support.DefaultSingletonBeanRegistry.destroyBean(DefaultSingletonBeanRegistry.java:587)
	at org.springframework.beans.factory.support.DefaultSingletonBeanRegistry.destroySingleton(DefaultSingletonBeanRegistry.java:559)
	at org.springframework.beans.factory.support.DefaultListableBeanFactory.destroySingleton(DefaultListableBeanFactory.java:1161)
	at org.springframework.beans.factory.support.DefaultSingletonBeanRegistry.destroySingletons(DefaultSingletonBeanRegistry.java:520)
	at org.springframework.beans.factory.support.DefaultListableBeanFactory.destroySingletons(DefaultListableBeanFactory.java:1154)
	at org.springframework.context.support.AbstractApplicationContext.destroyBeans(AbstractApplicationContext.java:1106)
	at org.springframework.context.support.AbstractApplicationContext.doClose(AbstractApplicationContext.java:1075)
	at org.springframework.boot.web.servlet.context.ServletWebServerApplicationContext.doClose(ServletWebServerApplicationContext.java:172)
	at org.springframework.context.support.AbstractApplicationContext.close(AbstractApplicationContext.java:1021)
	at org.springframework.boot.SpringApplicationShutdownHook.closeAndWait(SpringApplicationShutdownHook.java:145)
	at java.base/java.lang.Iterable.forEach(Iterable.java:75)
	at org.springframework.boot.SpringApplicationShutdownHook.run(SpringApplicationShutdownHook.java:114)
	at java.base/java.lang.Thread.run(Thread.java:833)
2022-11-09 13:45:31,154 DEBUG org.springframework.cloud.sleuth.autoconfig.zipkin2.ZipkinAutoConfiguration$1 [Thread-6] Flushing done - closing the reporter
2022-11-09 13:45:31,734 INFO com.zaxxer.hikari.HikariDataSource [SpringApplicationShutdownHook] HikariPool-1 - Shutdown initiated...
2022-11-09 13:45:31,735 DEBUG com.zaxxer.hikari.pool.HikariPool [SpringApplicationShutdownHook] HikariPool-1 - Before shutdown stats (total=10, active=0, idle=10, waiting=0)
2022-11-09 13:45:31,736 DEBUG com.zaxxer.hikari.pool.PoolBase [HikariPool-1 connection closer] HikariPool-1 - Closing connection conn10: url=jdbc:h2:mem:testdb user=USER: (connection evicted)
2022-11-09 13:45:31,736 DEBUG com.zaxxer.hikari.pool.PoolBase [HikariPool-1 connection closer] HikariPool-1 - Closing connection conn11: url=jdbc:h2:mem:testdb user=USER: (connection evicted)
2022-11-09 13:45:31,736 DEBUG com.zaxxer.hikari.pool.PoolBase [HikariPool-1 connection closer] HikariPool-1 - Closing connection conn12: url=jdbc:h2:mem:testdb user=USER: (connection evicted)
2022-11-09 13:45:31,737 DEBUG com.zaxxer.hikari.pool.PoolBase [HikariPool-1 connection closer] HikariPool-1 - Closing connection conn13: url=jdbc:h2:mem:testdb user=USER: (connection evicted)
2022-11-09 13:45:31,737 DEBUG com.zaxxer.hikari.pool.PoolBase [HikariPool-1 connection closer] HikariPool-1 - Closing connection conn14: url=jdbc:h2:mem:testdb user=USER: (connection evicted)
2022-11-09 13:45:31,737 DEBUG com.zaxxer.hikari.pool.PoolBase [HikariPool-1 connection closer] HikariPool-1 - Closing connection conn15: url=jdbc:h2:mem:testdb user=USER: (connection evicted)
2022-11-09 13:45:31,737 DEBUG com.zaxxer.hikari.pool.PoolBase [HikariPool-1 connection closer] HikariPool-1 - Closing connection conn16: url=jdbc:h2:mem:testdb user=USER: (connection evicted)
2022-11-09 13:45:31,738 DEBUG com.zaxxer.hikari.pool.PoolBase [HikariPool-1 connection closer] HikariPool-1 - Closing connection conn17: url=jdbc:h2:mem:testdb user=USER: (connection evicted)
2022-11-09 13:45:31,739 DEBUG com.zaxxer.hikari.pool.PoolBase [HikariPool-1 connection closer] HikariPool-1 - Closing connection conn18: url=jdbc:h2:mem:testdb user=USER: (connection evicted)
2022-11-09 13:45:31,739 DEBUG com.zaxxer.hikari.pool.PoolBase [HikariPool-1 connection closer] HikariPool-1 - Closing connection conn19: url=jdbc:h2:mem:testdb user=USER: (connection evicted)
2022-11-09 13:45:31,739 DEBUG com.zaxxer.hikari.pool.HikariPool [SpringApplicationShutdownHook] HikariPool-1 - After shutdown stats (total=0, active=0, idle=0, waiting=0)
2022-11-09 13:45:31,739 INFO com.zaxxer.hikari.HikariDataSource [SpringApplicationShutdownHook] HikariPool-1 - Shutdown completed.
2022-11-09 13:45:31,740 DEBUG reactor.util.Loggers$Slf4JLogger [SpringApplicationShutdownHook] Reset onEachOperator: org.springframework.cloud.sleuth.autoconfig.instrument.reactor.TraceReactorAutoConfiguration$TraceReactorConfiguration
2022-11-09 13:45:31,741 DEBUG reactor.util.Loggers$Slf4JLogger [SpringApplicationShutdownHook] Reset onLastOperator: org.springframework.cloud.sleuth.autoconfig.instrument.reactor.TraceReactorAutoConfiguration$TraceReactorConfiguration
2022-11-09 13:45:31,741 INFO com.netflix.discovery.DiscoveryClient [SpringApplicationShutdownHook] Shutting down DiscoveryClient ...
2022-11-09 13:45:34,771 INFO com.netflix.discovery.DiscoveryClient [SpringApplicationShutdownHook] Unregistering ...
2022-11-09 13:45:34,772 ERROR com.netflix.discovery.DiscoveryClient [SpringApplicationShutdownHook] DiscoveryClient_DASHBOARD-SERVICE/LAPTOP-17K2CE04:dashboard-service:9100 - de-registration failedThere is no known eureka server; cluster server list is empty
com.netflix.discovery.shared.transport.TransportException: There is no known eureka server; cluster server list is empty
	at com.netflix.discovery.shared.transport.decorator.RetryableEurekaHttpClient.execute(RetryableEurekaHttpClient.java:108)
	at com.netflix.discovery.shared.transport.decorator.EurekaHttpClientDecorator.cancel(EurekaHttpClientDecorator.java:71)
	at com.netflix.discovery.shared.transport.decorator.EurekaHttpClientDecorator$2.execute(EurekaHttpClientDecorator.java:74)
	at com.netflix.discovery.shared.transport.decorator.SessionedEurekaHttpClient.execute(SessionedEurekaHttpClient.java:77)
	at com.netflix.discovery.shared.transport.decorator.EurekaHttpClientDecorator.cancel(EurekaHttpClientDecorator.java:71)
	at com.netflix.discovery.DiscoveryClient.unregister(DiscoveryClient.java:972)
	at com.netflix.discovery.DiscoveryClient.shutdown(DiscoveryClient.java:948)
	at java.base/jdk.internal.reflect.NativeMethodAccessorImpl.invoke0(Native Method)
	at java.base/jdk.internal.reflect.NativeMethodAccessorImpl.invoke(NativeMethodAccessorImpl.java:77)
	at java.base/jdk.internal.reflect.DelegatingMethodAccessorImpl.invoke(DelegatingMethodAccessorImpl.java:43)
	at java.base/java.lang.reflect.Method.invoke(Method.java:568)
	at org.springframework.beans.factory.annotation.InitDestroyAnnotationBeanPostProcessor$LifecycleElement.invoke(InitDestroyAnnotationBeanPostProcessor.java:389)
	at org.springframework.beans.factory.annotation.InitDestroyAnnotationBeanPostProcessor$LifecycleMetadata.invokeDestroyMethods(InitDestroyAnnotationBeanPostProcessor.java:347)
	at org.springframework.beans.factory.annotation.InitDestroyAnnotationBeanPostProcessor.postProcessBeforeDestruction(InitDestroyAnnotationBeanPostProcessor.java:177)
	at org.springframework.beans.factory.support.DisposableBeanAdapter.destroy(DisposableBeanAdapter.java:197)
	at org.springframework.beans.factory.support.DisposableBeanAdapter.run(DisposableBeanAdapter.java:190)
	at org.springframework.cloud.context.scope.GenericScope$BeanLifecycleWrapper.destroy(GenericScope.java:390)
	at org.springframework.cloud.context.scope.GenericScope.destroy(GenericScope.java:136)
	at org.springframework.beans.factory.support.DisposableBeanAdapter.destroy(DisposableBeanAdapter.java:213)
	at org.springframework.beans.factory.support.DefaultSingletonBeanRegistry.destroyBean(DefaultSingletonBeanRegistry.java:587)
	at org.springframework.beans.factory.support.DefaultSingletonBeanRegistry.destroySingleton(DefaultSingletonBeanRegistry.java:559)
	at org.springframework.beans.factory.support.DefaultListableBeanFactory.destroySingleton(DefaultListableBeanFactory.java:1161)
	at org.springframework.beans.factory.support.DefaultSingletonBeanRegistry.destroySingletons(DefaultSingletonBeanRegistry.java:520)
	at org.springframework.beans.factory.support.DefaultListableBeanFactory.destroySingletons(DefaultListableBeanFactory.java:1154)
	at org.springframework.context.support.AbstractApplicationContext.destroyBeans(AbstractApplicationContext.java:1106)
	at org.springframework.context.support.AbstractApplicationContext.doClose(AbstractApplicationContext.java:1075)
	at org.springframework.boot.web.servlet.context.ServletWebServerApplicationContext.doClose(ServletWebServerApplicationContext.java:172)
	at org.springframework.context.support.AbstractApplicationContext.close(AbstractApplicationContext.java:1021)
	at org.springframework.boot.SpringApplicationShutdownHook.closeAndWait(SpringApplicationShutdownHook.java:145)
	at java.base/java.lang.Iterable.forEach(Iterable.java:75)
	at org.springframework.boot.SpringApplicationShutdownHook.run(SpringApplicationShutdownHook.java:114)
	at java.base/java.lang.Thread.run(Thread.java:833)
2022-11-09 13:45:34,830 INFO com.netflix.discovery.DiscoveryClient [SpringApplicationShutdownHook] Completed shut down of DiscoveryClient
